0 info it worked if it ends with ok
1 verbose cli [ '/usr/bin/node', '/usr/bin/npm', 'install' ]
2 info using npm@1.4.28
3 info using node@v0.10.37
4 verbose node symlink /usr/bin/node
5 warn package.json edx@0.1.0 No repository field.
6 verbose readDependencies using package.json deps
7 verbose install where, deps [ '/edx/app/edxapp/edx-platform',
7 verbose install   [ 'backbone',
7 verbose install     'backbone.paginator',
7 verbose install     'coffee-script',
7 verbose install     'edx-pattern-library',
7 verbose install     'edx-ui-toolkit',
7 verbose install     'jquery',
7 verbose install     'jquery-migrate',
7 verbose install     'jquery.scrollto',
7 verbose install     'moment',
7 verbose install     'moment-timezone',
7 verbose install     'picturefill',
7 verbose install     'requirejs',
7 verbose install     'uglify-js',
7 verbose install     'underscore',
7 verbose install     'underscore.string',
7 verbose install     'edx-custom-a11y-rules',
7 verbose install     'eslint-config-edx',
7 verbose install     'eslint-config-edx-es5',
7 verbose install     'jasmine-core',
7 verbose install     'jasmine-jquery',
7 verbose install     'karma',
7 verbose install     'karma-chrome-launcher',
7 verbose install     'karma-coverage',
7 verbose install     'karma-firefox-launcher',
7 verbose install     'karma-jasmine',
7 verbose install     'karma-jasmine-html-reporter',
7 verbose install     'karma-junit-reporter',
7 verbose install     'karma-requirejs',
7 verbose install     'karma-spec-reporter',
7 verbose install     'pa11y',
7 verbose install     'pa11y-reporter-json-oldnode',
7 verbose install     'plato',
7 verbose install     'sinon',
7 verbose install     'squirejs' ] ]
8 info preinstall edx@0.1.0
9 warn package.json squirejs@0.1.0 No repository field.
10 verbose readDependencies using package.json deps
11 verbose already installed skipping coffee-script@1.6.1 /edx/app/edxapp/edx-platform
12 verbose already installed skipping edx-pattern-library@0.18.1 /edx/app/edxapp/edx-platform
13 verbose already installed skipping edx-ui-toolkit@1.5.1 /edx/app/edxapp/edx-platform
14 verbose already installed skipping jquery@~2.2.0 /edx/app/edxapp/edx-platform
15 verbose already installed skipping jquery-migrate@^1.4.1 /edx/app/edxapp/edx-platform
16 verbose already installed skipping jquery.scrollto@~2.1.2 /edx/app/edxapp/edx-platform
17 verbose already installed skipping moment@^2.15.1 /edx/app/edxapp/edx-platform
18 verbose already installed skipping moment-timezone@~0.5.5 /edx/app/edxapp/edx-platform
19 verbose already installed skipping picturefill@~3.0.2 /edx/app/edxapp/edx-platform
20 verbose already installed skipping requirejs@~2.3.2 /edx/app/edxapp/edx-platform
21 verbose already installed skipping uglify-js@2.7.0 /edx/app/edxapp/edx-platform
22 verbose already installed skipping underscore@~1.8.3 /edx/app/edxapp/edx-platform
23 verbose already installed skipping underscore.string@~3.3.4 /edx/app/edxapp/edx-platform
24 verbose already installed skipping edx-custom-a11y-rules@0.1.3 /edx/app/edxapp/edx-platform
25 verbose already installed skipping eslint-config-edx@^2.0.0 /edx/app/edxapp/edx-platform
26 verbose already installed skipping eslint-config-edx-es5@^2.0.0 /edx/app/edxapp/edx-platform
27 verbose already installed skipping jasmine-core@^2.4.1 /edx/app/edxapp/edx-platform
28 verbose already installed skipping jasmine-jquery@^2.1.1 /edx/app/edxapp/edx-platform
29 verbose already installed skipping karma@^0.13.22 /edx/app/edxapp/edx-platform
30 verbose already installed skipping karma-chrome-launcher@^0.2.3 /edx/app/edxapp/edx-platform
31 verbose already installed skipping karma-coverage@^0.5.5 /edx/app/edxapp/edx-platform
32 verbose already installed skipping karma-firefox-launcher@^0.1.7 /edx/app/edxapp/edx-platform
33 verbose already installed skipping karma-jasmine@^0.3.8 /edx/app/edxapp/edx-platform
34 verbose already installed skipping karma-jasmine-html-reporter@^0.2.0 /edx/app/edxapp/edx-platform
35 verbose already installed skipping karma-junit-reporter@^0.4.1 /edx/app/edxapp/edx-platform
36 verbose already installed skipping karma-requirejs@^0.2.6 /edx/app/edxapp/edx-platform
37 verbose already installed skipping karma-spec-reporter@^0.0.20 /edx/app/edxapp/edx-platform
38 verbose already installed skipping pa11y@4.0.1 /edx/app/edxapp/edx-platform
39 verbose already installed skipping pa11y-reporter-json-oldnode@1.0.0 /edx/app/edxapp/edx-platform
40 verbose already installed skipping plato@1.2.2 /edx/app/edxapp/edx-platform
41 verbose already installed skipping sinon@1.17.3 || >1.17.4 <2.0.0 /edx/app/edxapp/edx-platform
42 verbose already installed skipping squirejs@^0.1.0 /edx/app/edxapp/edx-platform
43 verbose already installed skipping backbone@~1.3.2 /edx/app/edxapp/edx-platform
44 verbose already installed skipping backbone.paginator@~2.0.3 /edx/app/edxapp/edx-platform
45 silly resolved []
46 info build /edx/app/edxapp/edx-platform
47 verbose linkStuff [ false, false, false, '/edx/app/edxapp' ]
48 info linkStuff edx@0.1.0
49 verbose linkBins edx@0.1.0
50 verbose linkMans edx@0.1.0
51 verbose rebuildBundles edx@0.1.0
52 verbose rebuildBundles [ '.bin',
52 verbose rebuildBundles   'backbone',
52 verbose rebuildBundles   'backbone.paginator',
52 verbose rebuildBundles   'coffee-script',
52 verbose rebuildBundles   'edx-custom-a11y-rules',
52 verbose rebuildBundles   'edx-pattern-library',
52 verbose rebuildBundles   'edx-ui-toolkit',
52 verbose rebuildBundles   'eslint',
52 verbose rebuildBundles   'eslint-config-edx',
52 verbose rebuildBundles   'eslint-config-edx-es5',
52 verbose rebuildBundles   'eslint-plugin-dollar-sign',
52 verbose rebuildBundles   'eslint-plugin-import',
52 verbose rebuildBundles   'font-awesome',
52 verbose rebuildBundles   'jasmine-core',
52 verbose rebuildBundles   'jasmine-jquery',
52 verbose rebuildBundles   'jquery',
52 verbose rebuildBundles   'jquery-migrate',
52 verbose rebuildBundles   'jquery.scrollto',
52 verbose rebuildBundles   'jshint',
52 verbose rebuildBundles   'karma',
52 verbose rebuildBundles   'karma-chrome-launcher',
52 verbose rebuildBundles   'karma-coverage',
52 verbose rebuildBundles   'karma-firefox-launcher',
52 verbose rebuildBundles   'karma-jasmine',
52 verbose rebuildBundles   'karma-jasmine-html-reporter',
52 verbose rebuildBundles   'karma-junit-reporter',
52 verbose rebuildBundles   'karma-requirejs',
52 verbose rebuildBundles   'karma-spec-reporter',
52 verbose rebuildBundles   'moment',
52 verbose rebuildBundles   'moment-timezone',
52 verbose rebuildBundles   'pa11y',
52 verbose rebuildBundles   'pa11y-reporter-1.0-json',
52 verbose rebuildBundles   'pa11y-reporter-json-oldnode',
52 verbose rebuildBundles   'picturefill',
52 verbose rebuildBundles   'plato',
52 verbose rebuildBundles   'requirejs',
52 verbose rebuildBundles   'sinon',
52 verbose rebuildBundles   'squirejs',
52 verbose rebuildBundles   'uglify-js',
52 verbose rebuildBundles   'underscore',
52 verbose rebuildBundles   'underscore.string' ]
53 verbose rebuild bundle /edx/app/edxapp/edx-platform/node_modules/eslint
54 info build /edx/app/edxapp/edx-platform/node_modules/eslint
55 info preinstall eslint@2.13.1
56 verbose linkStuff [ false,
56 verbose linkStuff   false,
56 verbose linkStuff   false,
56 verbose linkStuff   '/edx/app/edxapp/edx-platform/node_modules' ]
57 info linkStuff eslint@2.13.1
58 verbose linkBins eslint@2.13.1
59 verbose link bins [ { eslint: './bin/eslint.js' },
59 verbose link bins   '/edx/app/edxapp/edx-platform/node_modules/.bin',
59 verbose link bins   false ]
60 verbose linkMans eslint@2.13.1
61 verbose rebuildBundles eslint@2.13.1
62 verbose rebuildBundles [ '.bin',
62 verbose rebuildBundles   'chalk',
62 verbose rebuildBundles   'concat-stream',
62 verbose rebuildBundles   'debug',
62 verbose rebuildBundles   'doctrine',
62 verbose rebuildBundles   'es6-map',
62 verbose rebuildBundles   'escope',
62 verbose rebuildBundles   'espree',
62 verbose rebuildBundles   'estraverse',
62 verbose rebuildBundles   'esutils',
62 verbose rebuildBundles   'file-entry-cache',
62 verbose rebuildBundles   'glob',
62 verbose rebuildBundles   'globals',
62 verbose rebuildBundles   'ignore',
62 verbose rebuildBundles   'imurmurhash',
62 verbose rebuildBundles   'inquirer',
62 verbose rebuildBundles   'is-my-json-valid',
62 verbose rebuildBundles   'is-resolvable',
62 verbose rebuildBundles   'js-yaml',
62 verbose rebuildBundles   'json-stable-stringify',
62 verbose rebuildBundles   'levn',
62 verbose rebuildBundles   'lodash',
62 verbose rebuildBundles   'mkdirp',
62 verbose rebuildBundles   'optionator',
62 verbose rebuildBundles   'path-is-absolute',
62 verbose rebuildBundles   'path-is-inside',
62 verbose rebuildBundles   'pluralize',
62 verbose rebuildBundles   'progress',
62 verbose rebuildBundles   'require-uncached',
62 verbose rebuildBundles   'shelljs',
62 verbose rebuildBundles   'strip-json-comments',
62 verbose rebuildBundles   'table',
62 verbose rebuildBundles   'text-table',
62 verbose rebuildBundles   'user-home' ]
63 info install eslint@2.13.1
64 info postinstall eslint@2.13.1
65 verbose rebuild bundle /edx/app/edxapp/edx-platform/node_modules/eslint-plugin-dollar-sign
66 info build /edx/app/edxapp/edx-platform/node_modules/eslint-plugin-dollar-sign
67 info preinstall eslint-plugin-dollar-sign@0.0.5
68 verbose linkStuff [ false,
68 verbose linkStuff   false,
68 verbose linkStuff   false,
68 verbose linkStuff   '/edx/app/edxapp/edx-platform/node_modules' ]
69 info linkStuff eslint-plugin-dollar-sign@0.0.5
70 verbose linkBins eslint-plugin-dollar-sign@0.0.5
71 verbose linkMans eslint-plugin-dollar-sign@0.0.5
72 verbose rebuildBundles eslint-plugin-dollar-sign@0.0.5
73 info install eslint-plugin-dollar-sign@0.0.5
74 info postinstall eslint-plugin-dollar-sign@0.0.5
75 verbose rebuild bundle /edx/app/edxapp/edx-platform/node_modules/eslint-plugin-import
76 info build /edx/app/edxapp/edx-platform/node_modules/eslint-plugin-import
77 info preinstall eslint-plugin-import@1.16.0
78 verbose linkStuff [ false,
78 verbose linkStuff   false,
78 verbose linkStuff   false,
78 verbose linkStuff   '/edx/app/edxapp/edx-platform/node_modules' ]
79 info linkStuff eslint-plugin-import@1.16.0
80 verbose linkBins eslint-plugin-import@1.16.0
81 verbose linkMans eslint-plugin-import@1.16.0
82 verbose rebuildBundles eslint-plugin-import@1.16.0
83 verbose rebuildBundles [ 'builtin-modules',
83 verbose rebuildBundles   'contains-path',
83 verbose rebuildBundles   'debug',
83 verbose rebuildBundles   'doctrine',
83 verbose rebuildBundles   'es6-map',
83 verbose rebuildBundles   'es6-set',
83 verbose rebuildBundles   'eslint-import-resolver-node',
83 verbose rebuildBundles   'has',
83 verbose rebuildBundles   'lodash.cond',
83 verbose rebuildBundles   'lodash.endswith',
83 verbose rebuildBundles   'lodash.find',
83 verbose rebuildBundles   'lodash.findindex',
83 verbose rebuildBundles   'minimatch',
83 verbose rebuildBundles   'object-assign',
83 verbose rebuildBundles   'pkg-dir',
83 verbose rebuildBundles   'pkg-up' ]
84 info install eslint-plugin-import@1.16.0
85 info postinstall eslint-plugin-import@1.16.0
86 verbose rebuild bundle /edx/app/edxapp/edx-platform/node_modules/font-awesome
87 info build /edx/app/edxapp/edx-platform/node_modules/font-awesome
88 info preinstall font-awesome@4.7.0
89 verbose linkStuff [ false,
89 verbose linkStuff   false,
89 verbose linkStuff   false,
89 verbose linkStuff   '/edx/app/edxapp/edx-platform/node_modules' ]
90 info linkStuff font-awesome@4.7.0
91 verbose linkBins font-awesome@4.7.0
92 verbose linkMans font-awesome@4.7.0
93 verbose rebuildBundles font-awesome@4.7.0
94 info install font-awesome@4.7.0
95 info postinstall font-awesome@4.7.0
96 verbose rebuild bundle /edx/app/edxapp/edx-platform/node_modules/jshint
97 info build /edx/app/edxapp/edx-platform/node_modules/jshint
98 info preinstall jshint@2.9.4
99 verbose linkStuff [ false,
99 verbose linkStuff   false,
99 verbose linkStuff   false,
99 verbose linkStuff   '/edx/app/edxapp/edx-platform/node_modules' ]
100 info linkStuff jshint@2.9.4
101 warn prefer global jshint@2.9.4 should be installed with -g
102 verbose linkBins jshint@2.9.4
103 verbose link bins [ { jshint: './bin/jshint' },
103 verbose link bins   '/edx/app/edxapp/edx-platform/node_modules/.bin',
103 verbose link bins   false ]
104 verbose linkMans jshint@2.9.4
105 verbose rebuildBundles jshint@2.9.4
106 verbose rebuildBundles [ '.bin',
106 verbose rebuildBundles   'cli',
106 verbose rebuildBundles   'console-browserify',
106 verbose rebuildBundles   'exit',
106 verbose rebuildBundles   'htmlparser2',
106 verbose rebuildBundles   'lodash',
106 verbose rebuildBundles   'minimatch',
106 verbose rebuildBundles   'shelljs',
106 verbose rebuildBundles   'strip-json-comments' ]
107 info install jshint@2.9.4
108 info postinstall jshint@2.9.4
109 verbose rebuild bundle /edx/app/edxapp/edx-platform/node_modules/pa11y-reporter-1.0-json
110 info build /edx/app/edxapp/edx-platform/node_modules/pa11y-reporter-1.0-json
111 info preinstall pa11y-reporter-1.0-json@1.0.2
112 verbose linkStuff [ false,
112 verbose linkStuff   false,
112 verbose linkStuff   false,
112 verbose linkStuff   '/edx/app/edxapp/edx-platform/node_modules' ]
113 info linkStuff pa11y-reporter-1.0-json@1.0.2
114 verbose linkBins pa11y-reporter-1.0-json@1.0.2
115 verbose linkMans pa11y-reporter-1.0-json@1.0.2
116 verbose rebuildBundles pa11y-reporter-1.0-json@1.0.2
117 info install pa11y-reporter-1.0-json@1.0.2
118 info postinstall pa11y-reporter-1.0-json@1.0.2
119 info install edx@0.1.0
120 info postinstall edx@0.1.0
121 info prepublish edx@0.1.0
122 error peerinvalid The package eslint does not satisfy its siblings' peerDependencies requirements!
122 error peerinvalid Peer eslint-config-airbnb-base@3.0.1 wants eslint@^2.9.0
122 error peerinvalid Peer eslint-plugin-dollar-sign@1.0.0 wants eslint@>=1.0.0
122 error peerinvalid Peer eslint-plugin-import@1.16.0 wants eslint@2.x - 3.x
123 error System Linux 3.2.0-23-generic
124 error command "/usr/bin/node" "/usr/bin/npm" "install"
125 error cwd /edx/app/edxapp/edx-platform
126 error node -v v0.10.37
127 error npm -v 1.4.28
128 error code EPEERINVALID
129 verbose exit [ 1, true ]
